<?xml version="1.0" encoding="UTF-8"?>
<coverage generated="1561137869206" clover="3.2.0">
  <project timestamp="1561137869207" name="All files">
    <metrics statements="32" coveredstatements="31" conditionals="4" coveredconditionals="4" methods="17" coveredmethods="16" elements="53" coveredelements="51" complexity="0" loc="32" ncloc="32" packages="1" files="4" classes="4"/>
    <file name="anagrams.js" path="/Users/x/programs/javascript Projects/jest_testing/anagrams.js">
      <metrics statements="3" coveredstatements="3" conditionals="0" coveredconditionals="0" methods="2" coveredmethods="2"/>
      <line num="2" count="3" type="stmt"/>
      <line num="6" count="6" type="stmt"/>
      <line num="19" count="1" type="stmt"/>
    </file>
    <file name="chunk.js" path="/Users/x/programs/javascript Projects/jest_testing/chunk.js">
      <metrics statements="9" coveredstatements="9" conditionals="4" coveredconditionals="4" methods="2" coveredmethods="2"/>
      <line num="1" count="1" type="stmt"/>
      <line num="3" count="2" type="stmt"/>
      <line num="5" count="2" type="stmt"/>
      <line num="6" count="13" type="stmt"/>
      <line num="8" count="13" type="cond" truecount="4" falsecount="0"/>
      <line num="11" count="8" type="stmt"/>
      <line num="14" count="5" type="stmt"/>
      <line num="18" count="2" type="stmt"/>
      <line num="21" count="1" type="stmt"/>
    </file>
    <file name="functions.js" path="/Users/x/programs/javascript Projects/jest_testing/functions.js">
      <metrics statements="14" coveredstatements="13" conditionals="0" coveredconditionals="0" methods="10" coveredmethods="9"/>
      <line num="1" count="1" type="stmt"/>
      <line num="3" count="1" type="stmt"/>
      <line num="4" count="2" type="stmt"/>
      <line num="6" count="1" type="stmt"/>
      <line num="8" count="1" type="stmt"/>
      <line num="9" count="1" type="stmt"/>
      <line num="11" count="1" type="stmt"/>
      <line num="14" count="1" type="stmt"/>
      <line num="15" count="1" type="stmt"/>
      <line num="18" count="2" type="stmt"/>
      <line num="20" count="2" type="stmt"/>
      <line num="21" count="2" type="stmt"/>
      <line num="22" count="0" type="stmt"/>
      <line num="25" count="1" type="stmt"/>
    </file>
    <file name="reverseString.js" path="/Users/x/programs/javascript Projects/jest_testing/reverseString.js">
      <metrics statements="6" coveredstatements="6" conditionals="0" coveredconditionals="0" methods="3" coveredmethods="3"/>
      <line num="2" count="1" type="stmt"/>
      <line num="3" count="1" type="stmt"/>
      <line num="6" count="1" type="stmt"/>
      <line num="8" count="1" type="stmt"/>
      <line num="15" count="1" type="stmt"/>
      <line num="27" count="1" type="stmt"/>
    </file>
  </project>
</coverage>
