TN:
SF:/Users/x/programs/javascript Projects/jest_testing/anagrams.js
FN:1,isAnagram
FN:5,formatStr
FNF:2
FNH:2
FNDA:3,isAnagram
FNDA:6,formatStr
DA:2,3
DA:6,6
DA:19,1
LF:3
LH:3
BRF:0
BRH:0
end_of_record
TN:
SF:/Users/x/programs/javascript Projects/jest_testing/chunk.js
FN:1,(anonymous_0)
FN:5,(anonymous_1)
FNF:2
FNH:2
FNDA:2,(anonymous_0)
FNDA:13,(anonymous_1)
DA:1,1
DA:3,2
DA:5,2
DA:6,13
DA:8,13
DA:11,8
DA:14,5
DA:18,2
DA:21,1
LF:9
LH:9
BRDA:8,0,0,8
BRDA:8,0,1,5
BRDA:8,1,0,13
BRDA:8,1,1,11
BRF:4
BRH:4
end_of_record
TN:
SF:/Users/x/programs/javascript Projects/jest_testing/functions.js
FN:4,(anonymous_0)
FN:5,(anonymous_1)
FN:8,(anonymous_2)
FN:9,(anonymous_3)
FN:10,(anonymous_4)
FN:17,(anonymous_5)
FN:18,(anonymous_6)
FN:20,(anonymous_7)
FN:21,(anonymous_8)
FN:22,(anonymous_9)
FNF:10
FNH:9
FNDA:2,(anonymous_0)
FNDA:1,(anonymous_1)
FNDA:1,(anonymous_2)
FNDA:1,(anonymous_3)
FNDA:1,(anonymous_4)
FNDA:2,(anonymous_5)
FNDA:2,(anonymous_6)
FNDA:2,(anonymous_7)
FNDA:2,(anonymous_8)
FNDA:0,(anonymous_9)
DA:1,1
DA:3,1
DA:4,2
DA:6,1
DA:8,1
DA:9,1
DA:11,1
DA:14,1
DA:15,1
DA:18,2
DA:20,2
DA:21,2
DA:22,0
DA:25,1
LF:14
LH:13
BRF:0
BRH:0
end_of_record
TN:
SF:/Users/x/programs/javascript Projects/jest_testing/reverseString.js
FN:1,upCaseFirst
FN:7,(anonymous_1)
FN:14,(anonymous_2)
FNF:3
FNH:3
FNDA:1,upCaseFirst
FNDA:1,(anonymous_1)
FNDA:1,(anonymous_2)
DA:2,1
DA:3,1
DA:6,1
DA:8,1
DA:15,1
DA:27,1
LF:6
LH:6
BRF:0
BRH:0
end_of_record
